{"/home/almrooth/Dropbox/dbwebb-kurser/ramverk2/me/module/mongo-crud-simple/src/mongo-crud-simple.js": {"path":"/home/almrooth/Dropbox/dbwebb-kurser/ramverk2/me/module/mongo-crud-simple/src/mongo-crud-simple.js","statementMap":{"0":{"start":{"line":7,"column":20},"end":{"line":7,"column":50}},"1":{"start":{"line":8,"column":17},"end":{"line":8,"column":44}},"2":{"start":{"line":19,"column":0},"end":{"line":164,"column":2}},"3":{"start":{"line":28,"column":8},"end":{"line":35,"column":9}},"4":{"start":{"line":29,"column":26},"end":{"line":29,"column":56}},"5":{"start":{"line":30,"column":26},"end":{"line":30,"column":57}},"6":{"start":{"line":32,"column":12},"end":{"line":32,"column":31}},"7":{"start":{"line":34,"column":12},"end":{"line":34,"column":24}},"8":{"start":{"line":39,"column":4},"end":{"line":163,"column":6}},"9":{"start":{"line":48,"column":12},"end":{"line":56,"column":13}},"10":{"start":{"line":49,"column":36},"end":{"line":49,"column":51}},"11":{"start":{"line":50,"column":28},"end":{"line":50,"column":54}},"12":{"start":{"line":52,"column":16},"end":{"line":52,"column":33}},"13":{"start":{"line":53,"column":16},"end":{"line":53,"column":27}},"14":{"start":{"line":55,"column":16},"end":{"line":55,"column":28}},"15":{"start":{"line":70,"column":12},"end":{"line":79,"column":13}},"16":{"start":{"line":71,"column":36},"end":{"line":71,"column":51}},"17":{"start":{"line":73,"column":28},"end":{"line":73,"column":53}},"18":{"start":{"line":75,"column":16},"end":{"line":75,"column":33}},"19":{"start":{"line":76,"column":16},"end":{"line":76,"column":34}},"20":{"start":{"line":78,"column":16},"end":{"line":78,"column":28}},"21":{"start":{"line":93,"column":12},"end":{"line":101,"column":13}},"22":{"start":{"line":94,"column":36},"end":{"line":94,"column":51}},"23":{"start":{"line":95,"column":28},"end":{"line":95,"column":67}},"24":{"start":{"line":97,"column":16},"end":{"line":97,"column":33}},"25":{"start":{"line":98,"column":16},"end":{"line":98,"column":27}},"26":{"start":{"line":100,"column":16},"end":{"line":100,"column":28}},"27":{"start":{"line":116,"column":12},"end":{"line":125,"column":13}},"28":{"start":{"line":117,"column":36},"end":{"line":117,"column":51}},"29":{"start":{"line":119,"column":28},"end":{"line":119,"column":92}},"30":{"start":{"line":121,"column":16},"end":{"line":121,"column":33}},"31":{"start":{"line":122,"column":16},"end":{"line":122,"column":27}},"32":{"start":{"line":124,"column":16},"end":{"line":124,"column":28}},"33":{"start":{"line":139,"column":12},"end":{"line":148,"column":13}},"34":{"start":{"line":140,"column":36},"end":{"line":140,"column":51}},"35":{"start":{"line":142,"column":28},"end":{"line":142,"column":77}},"36":{"start":{"line":144,"column":16},"end":{"line":144,"column":33}},"37":{"start":{"line":145,"column":16},"end":{"line":145,"column":27}},"38":{"start":{"line":147,"column":16},"end":{"line":147,"column":28}},"39":{"start":{"line":152,"column":12},"end":{"line":161,"column":13}},"40":{"start":{"line":153,"column":36},"end":{"line":153,"column":51}},"41":{"start":{"line":155,"column":28},"end":{"line":155,"column":44}},"42":{"start":{"line":157,"column":16},"end":{"line":157,"column":33}},"43":{"start":{"line":158,"column":16},"end":{"line":158,"column":27}},"44":{"start":{"line":160,"column":16},"end":{"line":160,"column":28}}},"fnMap":{"0":{"name":"(anonymous_0)","decl":{"start":{"line":19,"column":17},"end":{"line":19,"column":18}},"loc":{"start":{"line":19,"column":38},"end":{"line":164,"column":1}},"line":19},"1":{"name":"connect","decl":{"start":{"line":27,"column":19},"end":{"line":27,"column":26}},"loc":{"start":{"line":27,"column":29},"end":{"line":36,"column":5}},"line":27}},"branchMap":{},"s":{"0":1,"1":1,"2":1,"3":21,"4":21,"5":20,"6":20,"7":1,"8":3,"9":10,"10":10,"11":9,"12":9,"13":9,"14":1,"15":3,"16":3,"17":3,"18":3,"19":3,"20":0,"21":2,"22":2,"23":2,"24":2,"25":2,"26":0,"27":2,"28":2,"29":2,"30":2,"31":2,"32":0,"33":2,"34":2,"35":2,"36":2,"37":2,"38":0,"39":2,"40":2,"41":2,"42":1,"43":1,"44":1},"f":{"0":3,"1":21},"b":{},"_coverageSchema":"332fd63041d2c1bcb487cc26dd0d5f7d97098a6c","hash":"1347b9c9e771f7b798ca32c885c24ce739e95071"}
}
