TN:
SF:/home/almrooth/Dropbox/dbwebb-kurser/ramverk2/me/module/mongo-crud-simple/src/mongo-crud-simple.js
FN:19,(anonymous_0)
FN:27,connect
FNF:2
FNH:2
FNDA:3,(anonymous_0)
FNDA:21,connect
DA:7,1
DA:8,1
DA:19,1
DA:28,21
DA:29,21
DA:30,20
DA:32,20
DA:34,1
DA:39,3
DA:48,10
DA:49,10
DA:50,9
DA:52,9
DA:53,9
DA:55,1
DA:70,3
DA:71,3
DA:73,3
DA:75,3
DA:76,3
DA:78,0
DA:93,2
DA:94,2
DA:95,2
DA:97,2
DA:98,2
DA:100,0
DA:116,2
DA:117,2
DA:119,2
DA:121,2
DA:122,2
DA:124,0
DA:139,2
DA:140,2
DA:142,2
DA:144,2
DA:145,2
DA:147,0
DA:152,2
DA:153,2
DA:155,2
DA:157,1
DA:158,1
DA:160,1
LF:45
LH:41
BRF:0
BRH:0
end_of_record
